{"C:\\Users\\Valentina López\\Desktop\\Tesis\\MusicNet\\MusicNet\\pitchdetector\\tuner.js": {"path":"C:\\Users\\Valentina López\\Desktop\\Tesis\\MusicNet\\MusicNet\\pitchdetector\\tuner.js","statementMap":{"0":{"start":{"line":2,"column":14},"end":{"line":12,"column":1}},"1":{"start":{"line":3,"column":2},"end":{"line":3,"column":21}},"2":{"start":{"line":4,"column":2},"end":{"line":4,"column":21}},"3":{"start":{"line":5,"column":2},"end":{"line":5,"column":25}},"4":{"start":{"line":6,"column":2},"end":{"line":9,"column":4}},"5":{"start":{"line":10,"column":2},"end":{"line":10,"column":25}},"6":{"start":{"line":11,"column":2},"end":{"line":11,"column":26}},"7":{"start":{"line":14,"column":0},"end":{"line":35,"column":2}},"8":{"start":{"line":15,"column":2},"end":{"line":15,"column":73}},"9":{"start":{"line":16,"column":2},"end":{"line":18,"column":3}},"10":{"start":{"line":17,"column":4},"end":{"line":17,"column":47}},"11":{"start":{"line":20,"column":2},"end":{"line":22,"column":3}},"12":{"start":{"line":21,"column":4},"end":{"line":21,"column":32}},"13":{"start":{"line":24,"column":2},"end":{"line":34,"column":3}},"14":{"start":{"line":25,"column":4},"end":{"line":33,"column":6}},"15":{"start":{"line":26,"column":27},"end":{"line":26,"column":84}},"16":{"start":{"line":27,"column":6},"end":{"line":29,"column":7}},"17":{"start":{"line":28,"column":8},"end":{"line":28,"column":65}},"18":{"start":{"line":30,"column":6},"end":{"line":32,"column":9}},"19":{"start":{"line":31,"column":8},"end":{"line":31,"column":67}},"20":{"start":{"line":37,"column":0},"end":{"line":64,"column":2}},"21":{"start":{"line":38,"column":15},"end":{"line":38,"column":19}},"22":{"start":{"line":39,"column":2},"end":{"line":63,"column":7}},"23":{"start":{"line":42,"column":6},"end":{"line":42,"column":79}},"24":{"start":{"line":43,"column":6},"end":{"line":43,"column":50}},"25":{"start":{"line":44,"column":6},"end":{"line":44,"column":66}},"26":{"start":{"line":45,"column":6},"end":{"line":59,"column":9}},"27":{"start":{"line":46,"column":26},"end":{"line":48,"column":9}},"28":{"start":{"line":49,"column":8},"end":{"line":58,"column":9}},"29":{"start":{"line":50,"column":23},"end":{"line":50,"column":46}},"30":{"start":{"line":51,"column":10},"end":{"line":57,"column":13}},"31":{"start":{"line":62,"column":6},"end":{"line":62,"column":47}},"32":{"start":{"line":66,"column":0},"end":{"line":83,"column":2}},"33":{"start":{"line":67,"column":2},"end":{"line":67,"column":79}},"34":{"start":{"line":68,"column":2},"end":{"line":68,"column":53}},"35":{"start":{"line":69,"column":2},"end":{"line":71,"column":4}},"36":{"start":{"line":73,"column":15},"end":{"line":73,"column":19}},"37":{"start":{"line":74,"column":2},"end":{"line":82,"column":5}},"38":{"start":{"line":75,"column":4},"end":{"line":80,"column":6}},"39":{"start":{"line":81,"column":4},"end":{"line":81,"column":23}},"40":{"start":{"line":85,"column":0},"end":{"line":88,"column":2}},"41":{"start":{"line":86,"column":15},"end":{"line":86,"column":70}},"42":{"start":{"line":87,"column":2},"end":{"line":87,"column":42}},"43":{"start":{"line":90,"column":0},"end":{"line":92,"column":2}},"44":{"start":{"line":91,"column":2},"end":{"line":91,"column":65}},"45":{"start":{"line":94,"column":0},"end":{"line":98,"column":2}},"46":{"start":{"line":95,"column":2},"end":{"line":97,"column":4}},"47":{"start":{"line":100,"column":0},"end":{"line":107,"column":2}},"48":{"start":{"line":101,"column":2},"end":{"line":105,"column":3}},"49":{"start":{"line":102,"column":4},"end":{"line":102,"column":59}},"50":{"start":{"line":103,"column":4},"end":{"line":103,"column":43}},"51":{"start":{"line":104,"column":4},"end":{"line":104,"column":28}},"52":{"start":{"line":106,"column":2},"end":{"line":106,"column":46}},"53":{"start":{"line":109,"column":0},"end":{"line":111,"column":2}},"54":{"start":{"line":110,"column":2},"end":{"line":110,"column":9}},"55":{"start":{"line":114,"column":2},"end":{"line":117,"column":3}},"56":{"start":{"line":115,"column":4},"end":{"line":115,"column":27}},"57":{"start":{"line":116,"column":4},"end":{"line":116,"column":27}},"58":{"start":{"line":121,"column":0},"end":{"line":123,"column":2}}},"fnMap":{"0":{"name":"(anonymous_0)","decl":{"start":{"line":2,"column":14},"end":{"line":2,"column":15}},"loc":{"start":{"line":2,"column":25},"end":{"line":12,"column":1}},"line":2},"1":{"name":"(anonymous_1)","decl":{"start":{"line":14,"column":35},"end":{"line":14,"column":36}},"loc":{"start":{"line":14,"column":46},"end":{"line":35,"column":1}},"line":14},"2":{"name":"(anonymous_2)","decl":{"start":{"line":25,"column":42},"end":{"line":25,"column":43}},"loc":{"start":{"line":25,"column":64},"end":{"line":33,"column":5}},"line":25},"3":{"name":"(anonymous_3)","decl":{"start":{"line":30,"column":25},"end":{"line":30,"column":26}},"loc":{"start":{"line":30,"column":51},"end":{"line":32,"column":7}},"line":30},"4":{"name":"(anonymous_4)","decl":{"start":{"line":37,"column":30},"end":{"line":37,"column":31}},"loc":{"start":{"line":37,"column":42},"end":{"line":64,"column":1}},"line":37},"5":{"name":"(anonymous_5)","decl":{"start":{"line":41,"column":10},"end":{"line":41,"column":11}},"loc":{"start":{"line":41,"column":27},"end":{"line":60,"column":5}},"line":41},"6":{"name":"(anonymous_6)","decl":{"start":{"line":45,"column":60},"end":{"line":45,"column":61}},"loc":{"start":{"line":45,"column":76},"end":{"line":59,"column":7}},"line":45},"7":{"name":"(anonymous_7)","decl":{"start":{"line":61,"column":11},"end":{"line":61,"column":12}},"loc":{"start":{"line":61,"column":27},"end":{"line":63,"column":5}},"line":61},"8":{"name":"(anonymous_8)","decl":{"start":{"line":66,"column":23},"end":{"line":66,"column":24}},"loc":{"start":{"line":66,"column":34},"end":{"line":83,"column":1}},"line":66},"9":{"name":"(anonymous_9)","decl":{"start":{"line":74,"column":15},"end":{"line":74,"column":16}},"loc":{"start":{"line":74,"column":31},"end":{"line":82,"column":3}},"line":74},"10":{"name":"(anonymous_10)","decl":{"start":{"line":85,"column":26},"end":{"line":85,"column":27}},"loc":{"start":{"line":85,"column":46},"end":{"line":88,"column":1}},"line":85},"11":{"name":"(anonymous_11)","decl":{"start":{"line":90,"column":39},"end":{"line":90,"column":40}},"loc":{"start":{"line":90,"column":54},"end":{"line":92,"column":1}},"line":90},"12":{"name":"(anonymous_12)","decl":{"start":{"line":94,"column":27},"end":{"line":94,"column":28}},"loc":{"start":{"line":94,"column":53},"end":{"line":98,"column":1}},"line":94},"13":{"name":"(anonymous_13)","decl":{"start":{"line":100,"column":23},"end":{"line":100,"column":24}},"loc":{"start":{"line":100,"column":43},"end":{"line":107,"column":1}},"line":100},"14":{"name":"(anonymous_14)","decl":{"start":{"line":109,"column":27},"end":{"line":109,"column":28}},"loc":{"start":{"line":109,"column":38},"end":{"line":111,"column":1}},"line":109},"15":{"name":"stop","decl":{"start":{"line":113,"column":9},"end":{"line":113,"column":13}},"loc":{"start":{"line":113,"column":16},"end":{"line":118,"column":1}},"line":113}},"branchMap":{"0":{"loc":{"start":{"line":15,"column":24},"end":{"line":15,"column":72}},"type":"binary-expr","locations":[{"start":{"line":15,"column":24},"end":{"line":15,"column":43}},{"start":{"line":15,"column":47},"end":{"line":15,"column":72}}],"line":15},"1":{"loc":{"start":{"line":16,"column":2},"end":{"line":18,"column":3}},"type":"if","locations":[{"start":{"line":16,"column":2},"end":{"line":18,"column":3}},{"start":{},"end":{}}],"line":16},"2":{"loc":{"start":{"line":20,"column":2},"end":{"line":22,"column":3}},"type":"if","locations":[{"start":{"line":20,"column":2},"end":{"line":22,"column":3}},{"start":{},"end":{}}],"line":20},"3":{"loc":{"start":{"line":24,"column":2},"end":{"line":34,"column":3}},"type":"if","locations":[{"start":{"line":24,"column":2},"end":{"line":34,"column":3}},{"start":{},"end":{}}],"line":24},"4":{"loc":{"start":{"line":26,"column":27},"end":{"line":26,"column":84}},"type":"binary-expr","locations":[{"start":{"line":26,"column":27},"end":{"line":26,"column":55}},{"start":{"line":26,"column":59},"end":{"line":26,"column":84}}],"line":26},"5":{"loc":{"start":{"line":27,"column":6},"end":{"line":29,"column":7}},"type":"if","locations":[{"start":{"line":27,"column":6},"end":{"line":29,"column":7}},{"start":{},"end":{}}],"line":27},"6":{"loc":{"start":{"line":49,"column":8},"end":{"line":58,"column":9}},"type":"if","locations":[{"start":{"line":49,"column":8},"end":{"line":58,"column":9}},{"start":{},"end":{}}],"line":49},"7":{"loc":{"start":{"line":49,"column":12},"end":{"line":49,"column":44}},"type":"binary-expr","locations":[{"start":{"line":49,"column":12},"end":{"line":49,"column":21}},{"start":{"line":49,"column":25},"end":{"line":49,"column":44}}],"line":49},"8":{"loc":{"start":{"line":67,"column":27},"end":{"line":67,"column":75}},"type":"binary-expr","locations":[{"start":{"line":67,"column":27},"end":{"line":67,"column":46}},{"start":{"line":67,"column":50},"end":{"line":67,"column":75}}],"line":67},"9":{"loc":{"start":{"line":101,"column":2},"end":{"line":105,"column":3}},"type":"if","locations":[{"start":{"line":101,"column":2},"end":{"line":105,"column":3}},{"start":{},"end":{}}],"line":101},"10":{"loc":{"start":{"line":114,"column":2},"end":{"line":117,"column":3}},"type":"if","locations":[{"start":{"line":114,"column":2},"end":{"line":117,"column":3}},{"start":{},"end":{}}],"line":114}},"s":{"0":4,"1":8,"2":8,"3":8,"4":8,"5":8,"6":8,"7":4,"8":7,"9":7,"10":1,"11":6,"12":2,"13":6,"14":3,"15":1,"16":1,"17":1,"18":1,"19":1,"20":4,"21":3,"22":3,"23":3,"24":3,"25":3,"26":3,"27":0,"28":0,"29":0,"30":0,"31":0,"32":4,"33":3,"34":3,"35":3,"36":3,"37":3,"38":3,"39":3,"40":4,"41":1,"42":1,"43":4,"44":2,"45":4,"46":1,"47":4,"48":2,"49":2,"50":2,"51":2,"52":2,"53":4,"54":1,"55":1,"56":0,"57":0,"58":4},"f":{"0":8,"1":7,"2":1,"3":1,"4":3,"5":3,"6":0,"7":0,"8":3,"9":3,"10":1,"11":2,"12":1,"13":2,"14":1,"15":1},"b":{"0":[7,2],"1":[1,6],"2":[2,4],"3":[3,3],"4":[1,1],"5":[1,0],"6":[0,0],"7":[0,0],"8":[3,0],"9":[2,0],"10":[0,1]},"_coverageSchema":"1a1c01bbd47fc00a2c39e90264f33305004495a9","hash":"ed48805c59c3d312957c14d74bc78837735518cb"}
,"C:\\Users\\Valentina López\\Desktop\\Tesis\\MusicNet\\MusicNet\\rhythm\\rhythm.js": {"path":"C:\\Users\\Valentina López\\Desktop\\Tesis\\MusicNet\\MusicNet\\rhythm\\rhythm.js","statementMap":{"0":{"start":{"line":3,"column":15},"end":{"line":3,"column":17}},"1":{"start":{"line":4,"column":0},"end":{"line":4,"column":18}},"2":{"start":{"line":5,"column":0},"end":{"line":5,"column":22}},"3":{"start":{"line":6,"column":0},"end":{"line":6,"column":22}},"4":{"start":{"line":7,"column":0},"end":{"line":7,"column":26}},"5":{"start":{"line":8,"column":0},"end":{"line":8,"column":26}},"6":{"start":{"line":9,"column":0},"end":{"line":9,"column":26}},"7":{"start":{"line":10,"column":0},"end":{"line":10,"column":26}},"8":{"start":{"line":11,"column":0},"end":{"line":11,"column":38}},"9":{"start":{"line":13,"column":19},"end":{"line":13,"column":21}},"10":{"start":{"line":16,"column":29},"end":{"line":16,"column":30}},"11":{"start":{"line":25,"column":2},"end":{"line":25,"column":15}},"12":{"start":{"line":26,"column":2},"end":{"line":26,"column":18}},"13":{"start":{"line":28,"column":2},"end":{"line":68,"column":3}},"14":{"start":{"line":29,"column":4},"end":{"line":29,"column":20}},"15":{"start":{"line":30,"column":4},"end":{"line":30,"column":36}},"16":{"start":{"line":40,"column":4},"end":{"line":40,"column":31}},"17":{"start":{"line":43,"column":4},"end":{"line":43,"column":13}},"18":{"start":{"line":44,"column":4},"end":{"line":46,"column":5}},"19":{"start":{"line":45,"column":6},"end":{"line":45,"column":18}},"20":{"start":{"line":49,"column":4},"end":{"line":49,"column":13}},"21":{"start":{"line":50,"column":4},"end":{"line":50,"column":11}},"22":{"start":{"line":51,"column":4},"end":{"line":57,"column":5}},"23":{"start":{"line":52,"column":6},"end":{"line":52,"column":41}},"24":{"start":{"line":53,"column":6},"end":{"line":55,"column":7}},"25":{"start":{"line":54,"column":8},"end":{"line":54,"column":26}},"26":{"start":{"line":56,"column":6},"end":{"line":56,"column":43}},"27":{"start":{"line":60,"column":4},"end":{"line":65,"column":5}},"28":{"start":{"line":62,"column":6},"end":{"line":62,"column":22}},"29":{"start":{"line":63,"column":6},"end":{"line":63,"column":33}},"30":{"start":{"line":64,"column":6},"end":{"line":64,"column":38}},"31":{"start":{"line":70,"column":2},"end":{"line":70,"column":42}},"32":{"start":{"line":75,"column":16},"end":{"line":75,"column":18}},"33":{"start":{"line":76,"column":20},"end":{"line":76,"column":73}},"34":{"start":{"line":77,"column":21},"end":{"line":77,"column":73}},"35":{"start":{"line":78,"column":29},"end":{"line":78,"column":65}},"36":{"start":{"line":78,"column":56},"end":{"line":78,"column":61}},"37":{"start":{"line":79,"column":21},"end":{"line":79,"column":31}},"38":{"start":{"line":80,"column":2},"end":{"line":80,"column":27}},"39":{"start":{"line":81,"column":2},"end":{"line":87,"column":5}},"40":{"start":{"line":82,"column":4},"end":{"line":82,"column":25}},"41":{"start":{"line":84,"column":4},"end":{"line":84,"column":43}},"42":{"start":{"line":84,"column":26},"end":{"line":84,"column":43}},"43":{"start":{"line":85,"column":4},"end":{"line":85,"column":81}},"44":{"start":{"line":85,"column":45},"end":{"line":85,"column":81}},"45":{"start":{"line":86,"column":4},"end":{"line":86,"column":29}},"46":{"start":{"line":88,"column":2},"end":{"line":88,"column":15}},"47":{"start":{"line":136,"column":4},"end":{"line":136,"column":17}},"48":{"start":{"line":140,"column":0},"end":{"line":140,"column":24}},"49":{"start":{"line":141,"column":0},"end":{"line":141,"column":31}},"50":{"start":{"line":142,"column":0},"end":{"line":142,"column":31}},"51":{"start":{"line":143,"column":0},"end":{"line":143,"column":32}},"52":{"start":{"line":145,"column":0},"end":{"line":145,"column":31}},"53":{"start":{"line":146,"column":0},"end":{"line":146,"column":31}},"54":{"start":{"line":147,"column":0},"end":{"line":147,"column":31}},"55":{"start":{"line":148,"column":0},"end":{"line":148,"column":31}},"56":{"start":{"line":150,"column":0},"end":{"line":150,"column":36}},"57":{"start":{"line":153,"column":0},"end":{"line":158,"column":2}}},"fnMap":{"0":{"name":"getDurationAndNote","decl":{"start":{"line":24,"column":9},"end":{"line":24,"column":27}},"loc":{"start":{"line":24,"column":29},"end":{"line":71,"column":1}},"line":24},"1":{"name":"newPattern","decl":{"start":{"line":74,"column":9},"end":{"line":74,"column":19}},"loc":{"start":{"line":74,"column":22},"end":{"line":89,"column":1}},"line":74},"2":{"name":"(anonymous_2)","decl":{"start":{"line":78,"column":46},"end":{"line":78,"column":47}},"loc":{"start":{"line":78,"column":56},"end":{"line":78,"column":61}},"line":78},"3":{"name":"(anonymous_3)","decl":{"start":{"line":81,"column":20},"end":{"line":81,"column":21}},"loc":{"start":{"line":81,"column":28},"end":{"line":87,"column":3}},"line":81},"4":{"name":"add","decl":{"start":{"line":135,"column":9},"end":{"line":135,"column":12}},"loc":{"start":{"line":135,"column":19},"end":{"line":137,"column":1}},"line":135}},"branchMap":{"0":{"loc":{"start":{"line":28,"column":2},"end":{"line":68,"column":3}},"type":"if","locations":[{"start":{"line":28,"column":2},"end":{"line":68,"column":3}},{"start":{"line":32,"column":6},"end":{"line":68,"column":3}}],"line":28},"1":{"loc":{"start":{"line":53,"column":6},"end":{"line":55,"column":7}},"type":"if","locations":[{"start":{"line":53,"column":6},"end":{"line":55,"column":7}},{"start":{},"end":{}}],"line":53},"2":{"loc":{"start":{"line":53,"column":9},"end":{"line":53,"column":50}},"type":"binary-expr","locations":[{"start":{"line":53,"column":9},"end":{"line":53,"column":29}},{"start":{"line":53,"column":33},"end":{"line":53,"column":50}}],"line":53},"3":{"loc":{"start":{"line":60,"column":4},"end":{"line":65,"column":5}},"type":"if","locations":[{"start":{"line":60,"column":4},"end":{"line":65,"column":5}},{"start":{},"end":{}}],"line":60},"4":{"loc":{"start":{"line":84,"column":4},"end":{"line":84,"column":43}},"type":"if","locations":[{"start":{"line":84,"column":4},"end":{"line":84,"column":43}},{"start":{},"end":{}}],"line":84},"5":{"loc":{"start":{"line":85,"column":4},"end":{"line":85,"column":81}},"type":"if","locations":[{"start":{"line":85,"column":4},"end":{"line":85,"column":81}},{"start":{},"end":{}}],"line":85}},"s":{"0":2,"1":2,"2":2,"3":2,"4":2,"5":2,"6":2,"7":2,"8":2,"9":2,"10":2,"11":2,"12":2,"13":2,"14":0,"15":0,"16":2,"17":2,"18":2,"19":16,"20":2,"21":2,"22":2,"23":16,"24":16,"25":2,"26":16,"27":2,"28":0,"29":0,"30":0,"31":2,"32":2,"33":2,"34":2,"35":2,"36":4,"37":2,"38":2,"39":2,"40":4,"41":4,"42":0,"43":4,"44":1,"45":4,"46":2,"47":0,"48":2,"49":2,"50":2,"51":2,"52":2,"53":2,"54":2,"55":2,"56":2,"57":2},"f":{"0":2,"1":2,"2":4,"3":4,"4":0},"b":{"0":[0,2],"1":[2,14],"2":[16,5],"3":[0,2],"4":[0,4],"5":[1,3]},"_coverageSchema":"1a1c01bbd47fc00a2c39e90264f33305004495a9","hash":"8cd3529b2f1e4acb655209b6e4e6fa0ac0f14f8e"}
,"C:\\Users\\Valentina López\\Desktop\\Tesis\\MusicNet\\MusicNet\\scalemapping\\scalemapping.js": {"path":"C:\\Users\\Valentina López\\Desktop\\Tesis\\MusicNet\\MusicNet\\scalemapping\\scalemapping.js","statementMap":{"0":{"start":{"line":6,"column":15},"end":{"line":6,"column":17}},"1":{"start":{"line":7,"column":0},"end":{"line":7,"column":13}},"2":{"start":{"line":8,"column":12},"end":{"line":8,"column":14}},"3":{"start":{"line":9,"column":0},"end":{"line":12,"column":1}},"4":{"start":{"line":10,"column":2},"end":{"line":10,"column":31}},"5":{"start":{"line":11,"column":2},"end":{"line":11,"column":49}},"6":{"start":{"line":14,"column":0},"end":{"line":14,"column":10}},"7":{"start":{"line":15,"column":0},"end":{"line":15,"column":75}},"8":{"start":{"line":17,"column":0},"end":{"line":22,"column":1}},"9":{"start":{"line":18,"column":2},"end":{"line":19,"column":12}},"10":{"start":{"line":19,"column":4},"end":{"line":19,"column":12}},"11":{"start":{"line":20,"column":2},"end":{"line":20,"column":37}},"12":{"start":{"line":21,"column":2},"end":{"line":21,"column":33}},"13":{"start":{"line":27,"column":0},"end":{"line":27,"column":25}},"14":{"start":{"line":28,"column":0},"end":{"line":28,"column":24}},"15":{"start":{"line":29,"column":0},"end":{"line":29,"column":26}},"16":{"start":{"line":30,"column":0},"end":{"line":30,"column":23}},"17":{"start":{"line":31,"column":0},"end":{"line":31,"column":22}},"18":{"start":{"line":32,"column":0},"end":{"line":32,"column":22}},"19":{"start":{"line":45,"column":22},"end":{"line":45,"column":24}},"20":{"start":{"line":46,"column":0},"end":{"line":46,"column":57}},"21":{"start":{"line":47,"column":0},"end":{"line":47,"column":57}},"22":{"start":{"line":48,"column":0},"end":{"line":48,"column":61}},"23":{"start":{"line":49,"column":0},"end":{"line":49,"column":57}},"24":{"start":{"line":50,"column":0},"end":{"line":50,"column":58}},"25":{"start":{"line":51,"column":0},"end":{"line":51,"column":59}},"26":{"start":{"line":52,"column":0},"end":{"line":52,"column":58}},"27":{"start":{"line":54,"column":25},"end":{"line":54,"column":27}},"28":{"start":{"line":55,"column":0},"end":{"line":55,"column":123}},"29":{"start":{"line":56,"column":0},"end":{"line":56,"column":124}},"30":{"start":{"line":57,"column":0},"end":{"line":57,"column":127}},"31":{"start":{"line":58,"column":0},"end":{"line":58,"column":121}},"32":{"start":{"line":59,"column":0},"end":{"line":59,"column":122}},"33":{"start":{"line":60,"column":0},"end":{"line":60,"column":123}},"34":{"start":{"line":61,"column":0},"end":{"line":61,"column":118}},"35":{"start":{"line":63,"column":28},"end":{"line":63,"column":30}},"36":{"start":{"line":64,"column":0},"end":{"line":64,"column":35}},"37":{"start":{"line":65,"column":0},"end":{"line":65,"column":35}},"38":{"start":{"line":66,"column":0},"end":{"line":66,"column":39}},"39":{"start":{"line":67,"column":0},"end":{"line":67,"column":35}},"40":{"start":{"line":68,"column":0},"end":{"line":68,"column":36}},"41":{"start":{"line":69,"column":0},"end":{"line":69,"column":37}},"42":{"start":{"line":70,"column":0},"end":{"line":70,"column":36}},"43":{"start":{"line":72,"column":13},"end":{"line":72,"column":34}},"44":{"start":{"line":74,"column":27},"end":{"line":74,"column":44}},"45":{"start":{"line":76,"column":16},"end":{"line":79,"column":1}},"46":{"start":{"line":98,"column":2},"end":{"line":99,"column":27}},"47":{"start":{"line":99,"column":4},"end":{"line":99,"column":27}},"48":{"start":{"line":100,"column":2},"end":{"line":100,"column":40}},"49":{"start":{"line":101,"column":2},"end":{"line":101,"column":53}},"50":{"start":{"line":102,"column":2},"end":{"line":102,"column":24}},"51":{"start":{"line":105,"column":2},"end":{"line":115,"column":3}},"52":{"start":{"line":106,"column":4},"end":{"line":106,"column":41}},"53":{"start":{"line":108,"column":4},"end":{"line":114,"column":5}},"54":{"start":{"line":109,"column":6},"end":{"line":109,"column":27}},"55":{"start":{"line":110,"column":6},"end":{"line":113,"column":47}},"56":{"start":{"line":111,"column":8},"end":{"line":111,"column":27}},"57":{"start":{"line":113,"column":8},"end":{"line":113,"column":47}},"58":{"start":{"line":119,"column":1},"end":{"line":119,"column":50}},"59":{"start":{"line":124,"column":2},"end":{"line":125,"column":30}},"60":{"start":{"line":125,"column":2},"end":{"line":125,"column":30}},"61":{"start":{"line":126,"column":2},"end":{"line":126,"column":42}},"62":{"start":{"line":127,"column":2},"end":{"line":127,"column":19}},"63":{"start":{"line":134,"column":16},"end":{"line":134,"column":17}},"64":{"start":{"line":135,"column":18},"end":{"line":135,"column":23}},"65":{"start":{"line":136,"column":20},"end":{"line":136,"column":22}},"66":{"start":{"line":139,"column":2},"end":{"line":139,"column":20}},"67":{"start":{"line":141,"column":2},"end":{"line":146,"column":3}},"68":{"start":{"line":142,"column":4},"end":{"line":142,"column":63}},"69":{"start":{"line":143,"column":4},"end":{"line":145,"column":5}},"70":{"start":{"line":144,"column":6},"end":{"line":144,"column":37}},"71":{"start":{"line":148,"column":2},"end":{"line":148,"column":34}},"72":{"start":{"line":150,"column":2},"end":{"line":150,"column":33}},"73":{"start":{"line":163,"column":20},"end":{"line":163,"column":24}},"74":{"start":{"line":164,"column":26},"end":{"line":164,"column":53}},"75":{"start":{"line":165,"column":19},"end":{"line":165,"column":63}},"76":{"start":{"line":171,"column":2},"end":{"line":181,"column":3}},"77":{"start":{"line":172,"column":24},"end":{"line":172,"column":34}},"78":{"start":{"line":172,"column":35},"end":{"line":172,"column":41}},"79":{"start":{"line":173,"column":24},"end":{"line":173,"column":34}},"80":{"start":{"line":173,"column":35},"end":{"line":173,"column":41}},"81":{"start":{"line":174,"column":24},"end":{"line":174,"column":34}},"82":{"start":{"line":174,"column":35},"end":{"line":174,"column":41}},"83":{"start":{"line":175,"column":24},"end":{"line":175,"column":34}},"84":{"start":{"line":175,"column":35},"end":{"line":175,"column":41}},"85":{"start":{"line":176,"column":24},"end":{"line":176,"column":34}},"86":{"start":{"line":176,"column":35},"end":{"line":176,"column":41}},"87":{"start":{"line":177,"column":24},"end":{"line":177,"column":34}},"88":{"start":{"line":177,"column":35},"end":{"line":177,"column":41}},"89":{"start":{"line":178,"column":24},"end":{"line":178,"column":34}},"90":{"start":{"line":178,"column":35},"end":{"line":178,"column":41}},"91":{"start":{"line":179,"column":24},"end":{"line":179,"column":34}},"92":{"start":{"line":179,"column":35},"end":{"line":179,"column":41}},"93":{"start":{"line":180,"column":11},"end":{"line":180,"column":21}},"94":{"start":{"line":180,"column":22},"end":{"line":180,"column":28}},"95":{"start":{"line":182,"column":2},"end":{"line":182,"column":14}},"96":{"start":{"line":188,"column":2},"end":{"line":198,"column":3}},"97":{"start":{"line":189,"column":10},"end":{"line":189,"column":33}},"98":{"start":{"line":189,"column":34},"end":{"line":189,"column":40}},"99":{"start":{"line":190,"column":10},"end":{"line":190,"column":33}},"100":{"start":{"line":190,"column":34},"end":{"line":190,"column":40}},"101":{"start":{"line":191,"column":10},"end":{"line":191,"column":33}},"102":{"start":{"line":191,"column":34},"end":{"line":191,"column":40}},"103":{"start":{"line":192,"column":10},"end":{"line":192,"column":33}},"104":{"start":{"line":192,"column":34},"end":{"line":192,"column":40}},"105":{"start":{"line":193,"column":10},"end":{"line":193,"column":33}},"106":{"start":{"line":193,"column":34},"end":{"line":193,"column":40}},"107":{"start":{"line":194,"column":10},"end":{"line":194,"column":33}},"108":{"start":{"line":194,"column":34},"end":{"line":194,"column":40}},"109":{"start":{"line":195,"column":10},"end":{"line":195,"column":33}},"110":{"start":{"line":195,"column":34},"end":{"line":195,"column":40}},"111":{"start":{"line":196,"column":10},"end":{"line":196,"column":33}},"112":{"start":{"line":196,"column":34},"end":{"line":196,"column":40}},"113":{"start":{"line":197,"column":11},"end":{"line":197,"column":20}},"114":{"start":{"line":197,"column":21},"end":{"line":197,"column":27}},"115":{"start":{"line":199,"column":2},"end":{"line":199,"column":13}},"116":{"start":{"line":202,"column":21},"end":{"line":202,"column":24}},"117":{"start":{"line":203,"column":19},"end":{"line":203,"column":21}},"118":{"start":{"line":206,"column":22},"end":{"line":206,"column":43}},"119":{"start":{"line":207,"column":17},"end":{"line":207,"column":55}},"120":{"start":{"line":209,"column":16},"end":{"line":209,"column":65}},"121":{"start":{"line":210,"column":1},"end":{"line":210,"column":36}},"122":{"start":{"line":212,"column":1},"end":{"line":212,"column":29}},"123":{"start":{"line":215,"column":1},"end":{"line":215,"column":29}},"124":{"start":{"line":216,"column":1},"end":{"line":216,"column":34}},"125":{"start":{"line":218,"column":1},"end":{"line":218,"column":20}},"126":{"start":{"line":225,"column":3},"end":{"line":225,"column":12}},"127":{"start":{"line":226,"column":4},"end":{"line":226,"column":43}},"128":{"start":{"line":227,"column":26},"end":{"line":227,"column":43}},"129":{"start":{"line":228,"column":3},"end":{"line":228,"column":57}},"130":{"start":{"line":241,"column":4},"end":{"line":241,"column":13}},"131":{"start":{"line":242,"column":4},"end":{"line":242,"column":11}},"132":{"start":{"line":243,"column":4},"end":{"line":243,"column":75}},"133":{"start":{"line":244,"column":4},"end":{"line":244,"column":82}},"134":{"start":{"line":247,"column":4},"end":{"line":247,"column":45}},"135":{"start":{"line":248,"column":4},"end":{"line":256,"column":5}},"136":{"start":{"line":249,"column":6},"end":{"line":252,"column":7}},"137":{"start":{"line":250,"column":8},"end":{"line":250,"column":33}},"138":{"start":{"line":251,"column":8},"end":{"line":251,"column":15}},"139":{"start":{"line":253,"column":6},"end":{"line":253,"column":9}},"140":{"start":{"line":254,"column":6},"end":{"line":255,"column":11}},"141":{"start":{"line":255,"column":8},"end":{"line":255,"column":11}},"142":{"start":{"line":260,"column":4},"end":{"line":260,"column":24}},"143":{"start":{"line":261,"column":4},"end":{"line":261,"column":38}},"144":{"start":{"line":262,"column":4},"end":{"line":268,"column":5}},"145":{"start":{"line":263,"column":6},"end":{"line":266,"column":7}},"146":{"start":{"line":264,"column":8},"end":{"line":264,"column":32}},"147":{"start":{"line":265,"column":8},"end":{"line":265,"column":27}},"148":{"start":{"line":267,"column":6},"end":{"line":267,"column":40}},"149":{"start":{"line":270,"column":4},"end":{"line":270,"column":17}},"150":{"start":{"line":278,"column":2},"end":{"line":281,"column":39}},"151":{"start":{"line":279,"column":4},"end":{"line":279,"column":80}},"152":{"start":{"line":281,"column":4},"end":{"line":281,"column":39}},"153":{"start":{"line":283,"column":2},"end":{"line":283,"column":61}},"154":{"start":{"line":294,"column":2},"end":{"line":297,"column":39}},"155":{"start":{"line":295,"column":4},"end":{"line":295,"column":29}},"156":{"start":{"line":297,"column":4},"end":{"line":297,"column":39}},"157":{"start":{"line":300,"column":2},"end":{"line":303,"column":40}},"158":{"start":{"line":301,"column":4},"end":{"line":301,"column":31}},"159":{"start":{"line":303,"column":4},"end":{"line":303,"column":40}},"160":{"start":{"line":308,"column":1},"end":{"line":308,"column":22}},"161":{"start":{"line":309,"column":2},"end":{"line":309,"column":61}},"162":{"start":{"line":313,"column":2},"end":{"line":313,"column":49}},"163":{"start":{"line":314,"column":2},"end":{"line":314,"column":61}},"164":{"start":{"line":318,"column":2},"end":{"line":318,"column":58}},"165":{"start":{"line":319,"column":2},"end":{"line":319,"column":80}},"166":{"start":{"line":320,"column":2},"end":{"line":320,"column":39}},"167":{"start":{"line":325,"column":0},"end":{"line":341,"column":2}}},"fnMap":{"0":{"name":"playNote","decl":{"start":{"line":95,"column":9},"end":{"line":95,"column":17}},"loc":{"start":{"line":95,"column":33},"end":{"line":116,"column":1}},"line":95},"1":{"name":"getExpectedNoteTime","decl":{"start":{"line":118,"column":9},"end":{"line":118,"column":28}},"loc":{"start":{"line":118,"column":31},"end":{"line":120,"column":1}},"line":118},"2":{"name":"playLevel","decl":{"start":{"line":123,"column":9},"end":{"line":123,"column":18}},"loc":{"start":{"line":123,"column":25},"end":{"line":128,"column":1}},"line":123},"3":{"name":"playScale","decl":{"start":{"line":138,"column":9},"end":{"line":138,"column":18}},"loc":{"start":{"line":138,"column":58},"end":{"line":156,"column":1}},"line":138},"4":{"name":"convertNoteToLevel","decl":{"start":{"line":170,"column":9},"end":{"line":170,"column":27}},"loc":{"start":{"line":170,"column":33},"end":{"line":183,"column":1}},"line":170},"5":{"name":"convertLevelToNote","decl":{"start":{"line":187,"column":9},"end":{"line":187,"column":27}},"loc":{"start":{"line":187,"column":34},"end":{"line":200,"column":1}},"line":187},"6":{"name":"handleDetectedNote","decl":{"start":{"line":205,"column":9},"end":{"line":205,"column":27}},"loc":{"start":{"line":205,"column":60},"end":{"line":219,"column":1}},"line":205},"7":{"name":"newNote","decl":{"start":{"line":224,"column":11},"end":{"line":224,"column":18}},"loc":{"start":{"line":224,"column":31},"end":{"line":237,"column":1}},"line":224},"8":{"name":"getScale","decl":{"start":{"line":240,"column":9},"end":{"line":240,"column":17}},"loc":{"start":{"line":240,"column":41},"end":{"line":272,"column":1}},"line":240},"9":{"name":"changeGameLevel","decl":{"start":{"line":277,"column":9},"end":{"line":277,"column":24}},"loc":{"start":{"line":277,"column":38},"end":{"line":284,"column":1}},"line":277},"10":{"name":"setReference","decl":{"start":{"line":292,"column":9},"end":{"line":292,"column":21}},"loc":{"start":{"line":292,"column":34},"end":{"line":304,"column":1}},"line":292},"11":{"name":"changeNoteReference","decl":{"start":{"line":307,"column":9},"end":{"line":307,"column":28}},"loc":{"start":{"line":307,"column":34},"end":{"line":310,"column":1}},"line":307},"12":{"name":"changeScaleReference","decl":{"start":{"line":312,"column":9},"end":{"line":312,"column":29}},"loc":{"start":{"line":312,"column":36},"end":{"line":315,"column":1}},"line":312},"13":{"name":"buttonPlayReference","decl":{"start":{"line":317,"column":9},"end":{"line":317,"column":28}},"loc":{"start":{"line":317,"column":30},"end":{"line":322,"column":1}},"line":317}},"branchMap":{"0":{"loc":{"start":{"line":18,"column":2},"end":{"line":19,"column":12}},"type":"if","locations":[{"start":{"line":18,"column":2},"end":{"line":19,"column":12}},{"start":{},"end":{}}],"line":18},"1":{"loc":{"start":{"line":98,"column":2},"end":{"line":99,"column":27}},"type":"if","locations":[{"start":{"line":98,"column":2},"end":{"line":99,"column":27}},{"start":{},"end":{}}],"line":98},"2":{"loc":{"start":{"line":105,"column":2},"end":{"line":115,"column":3}},"type":"if","locations":[{"start":{"line":105,"column":2},"end":{"line":115,"column":3}},{"start":{},"end":{}}],"line":105},"3":{"loc":{"start":{"line":108,"column":4},"end":{"line":114,"column":5}},"type":"if","locations":[{"start":{"line":108,"column":4},"end":{"line":114,"column":5}},{"start":{},"end":{}}],"line":108},"4":{"loc":{"start":{"line":110,"column":6},"end":{"line":113,"column":47}},"type":"if","locations":[{"start":{"line":110,"column":6},"end":{"line":113,"column":47}},{"start":{"line":113,"column":8},"end":{"line":113,"column":47}}],"line":110},"5":{"loc":{"start":{"line":119,"column":8},"end":{"line":119,"column":49}},"type":"binary-expr","locations":[{"start":{"line":119,"column":8},"end":{"line":119,"column":28}},{"start":{"line":119,"column":32},"end":{"line":119,"column":49}}],"line":119},"6":{"loc":{"start":{"line":124,"column":2},"end":{"line":125,"column":30}},"type":"if","locations":[{"start":{"line":124,"column":2},"end":{"line":125,"column":30}},{"start":{},"end":{}}],"line":124},"7":{"loc":{"start":{"line":124,"column":5},"end":{"line":124,"column":27}},"type":"binary-expr","locations":[{"start":{"line":124,"column":5},"end":{"line":124,"column":14}},{"start":{"line":124,"column":18},"end":{"line":124,"column":27}}],"line":124},"8":{"loc":{"start":{"line":141,"column":2},"end":{"line":146,"column":3}},"type":"if","locations":[{"start":{"line":141,"column":2},"end":{"line":146,"column":3}},{"start":{},"end":{}}],"line":141},"9":{"loc":{"start":{"line":171,"column":2},"end":{"line":181,"column":3}},"type":"switch","locations":[{"start":{"line":172,"column":2},"end":{"line":172,"column":41}},{"start":{"line":173,"column":2},"end":{"line":173,"column":41}},{"start":{"line":174,"column":2},"end":{"line":174,"column":41}},{"start":{"line":175,"column":2},"end":{"line":175,"column":41}},{"start":{"line":176,"column":2},"end":{"line":176,"column":41}},{"start":{"line":177,"column":2},"end":{"line":177,"column":41}},{"start":{"line":178,"column":2},"end":{"line":178,"column":41}},{"start":{"line":179,"column":2},"end":{"line":179,"column":41}},{"start":{"line":180,"column":2},"end":{"line":180,"column":28}}],"line":171},"10":{"loc":{"start":{"line":188,"column":2},"end":{"line":198,"column":3}},"type":"switch","locations":[{"start":{"line":189,"column":2},"end":{"line":189,"column":40}},{"start":{"line":190,"column":2},"end":{"line":190,"column":40}},{"start":{"line":191,"column":2},"end":{"line":191,"column":40}},{"start":{"line":192,"column":2},"end":{"line":192,"column":40}},{"start":{"line":193,"column":2},"end":{"line":193,"column":40}},{"start":{"line":194,"column":2},"end":{"line":194,"column":40}},{"start":{"line":195,"column":2},"end":{"line":195,"column":40}},{"start":{"line":196,"column":2},"end":{"line":196,"column":40}},{"start":{"line":197,"column":2},"end":{"line":197,"column":27}}],"line":188},"11":{"loc":{"start":{"line":249,"column":6},"end":{"line":252,"column":7}},"type":"if","locations":[{"start":{"line":249,"column":6},"end":{"line":252,"column":7}},{"start":{},"end":{}}],"line":249},"12":{"loc":{"start":{"line":254,"column":6},"end":{"line":255,"column":11}},"type":"if","locations":[{"start":{"line":254,"column":6},"end":{"line":255,"column":11}},{"start":{},"end":{}}],"line":254},"13":{"loc":{"start":{"line":263,"column":6},"end":{"line":266,"column":7}},"type":"if","locations":[{"start":{"line":263,"column":6},"end":{"line":266,"column":7}},{"start":{},"end":{}}],"line":263},"14":{"loc":{"start":{"line":263,"column":9},"end":{"line":263,"column":107}},"type":"binary-expr","locations":[{"start":{"line":263,"column":9},"end":{"line":263,"column":49}},{"start":{"line":263,"column":54},"end":{"line":263,"column":69}},{"start":{"line":263,"column":73},"end":{"line":263,"column":89}},{"start":{"line":263,"column":94},"end":{"line":263,"column":107}}],"line":263},"15":{"loc":{"start":{"line":278,"column":2},"end":{"line":281,"column":39}},"type":"if","locations":[{"start":{"line":278,"column":2},"end":{"line":281,"column":39}},{"start":{"line":281,"column":4},"end":{"line":281,"column":39}}],"line":278},"16":{"loc":{"start":{"line":294,"column":2},"end":{"line":297,"column":39}},"type":"if","locations":[{"start":{"line":294,"column":2},"end":{"line":297,"column":39}},{"start":{"line":297,"column":4},"end":{"line":297,"column":39}}],"line":294},"17":{"loc":{"start":{"line":300,"column":2},"end":{"line":303,"column":40}},"type":"if","locations":[{"start":{"line":300,"column":2},"end":{"line":303,"column":40}},{"start":{"line":303,"column":4},"end":{"line":303,"column":40}}],"line":300}},"s":{"0":3,"1":3,"2":3,"3":3,"4":147,"5":147,"6":3,"7":3,"8":3,"9":147,"10":12,"11":147,"12":147,"13":3,"14":3,"15":3,"16":3,"17":3,"18":3,"19":3,"20":3,"21":3,"22":3,"23":3,"24":3,"25":3,"26":3,"27":3,"28":3,"29":3,"30":3,"31":3,"32":3,"33":3,"34":3,"35":3,"36":3,"37":3,"38":3,"39":3,"40":3,"41":3,"42":3,"43":3,"44":3,"45":3,"46":0,"47":0,"48":0,"49":0,"50":0,"51":0,"52":0,"53":0,"54":0,"55":0,"56":0,"57":0,"58":0,"59":0,"60":0,"61":0,"62":0,"63":3,"64":3,"65":3,"66":0,"67":0,"68":0,"69":0,"70":0,"71":0,"72":0,"73":3,"74":3,"75":3,"76":23,"77":3,"78":3,"79":2,"80":2,"81":2,"82":2,"83":2,"84":2,"85":2,"86":2,"87":2,"88":2,"89":2,"90":2,"91":3,"92":3,"93":5,"94":5,"95":23,"96":16,"97":2,"98":2,"99":2,"100":2,"101":2,"102":2,"103":2,"104":2,"105":2,"106":2,"107":2,"108":2,"109":2,"110":2,"111":2,"112":2,"113":0,"114":0,"115":16,"116":3,"117":3,"118":0,"119":0,"120":0,"121":0,"122":0,"123":0,"124":0,"125":0,"126":0,"127":0,"128":0,"129":0,"130":16,"131":16,"132":16,"133":16,"134":16,"135":16,"136":182,"137":112,"138":112,"139":182,"140":182,"141":14,"142":16,"143":16,"144":16,"145":98,"146":14,"147":14,"148":98,"149":16,"150":0,"151":0,"152":0,"153":0,"154":0,"155":0,"156":0,"157":0,"158":0,"159":0,"160":0,"161":0,"162":0,"163":0,"164":0,"165":0,"166":0,"167":3},"f":{"0":0,"1":0,"2":0,"3":0,"4":23,"5":16,"6":0,"7":0,"8":16,"9":0,"10":0,"11":0,"12":0,"13":0},"b":{"0":[12,135],"1":[0,0],"2":[0,0],"3":[0,0],"4":[0,0],"5":[0,0],"6":[0,0],"7":[0,0],"8":[0,0],"9":[3,2,2,2,2,2,2,3,5],"10":[2,2,2,2,2,2,2,2,0],"11":[112,70],"12":[14,168],"13":[14,84],"14":[98,84,70,14],"15":[0,0],"16":[0,0],"17":[0,0]},"_coverageSchema":"1a1c01bbd47fc00a2c39e90264f33305004495a9","hash":"7f7f2ff7d1b59b2ea4e95424c4b967e266b45397"}
}
