TN:
SF:pitchdetector\tuner.js
FN:2,(anonymous_0)
FN:14,(anonymous_1)
FN:25,(anonymous_2)
FN:30,(anonymous_3)
FN:37,(anonymous_4)
FN:41,(anonymous_5)
FN:45,(anonymous_6)
FN:61,(anonymous_7)
FN:66,(anonymous_8)
FN:74,(anonymous_9)
FN:85,(anonymous_10)
FN:90,(anonymous_11)
FN:94,(anonymous_12)
FN:100,(anonymous_13)
FN:109,(anonymous_14)
FN:113,stop
FNF:16
FNH:14
FNDA:8,(anonymous_0)
FNDA:7,(anonymous_1)
FNDA:1,(anonymous_2)
FNDA:1,(anonymous_3)
FNDA:3,(anonymous_4)
FNDA:3,(anonymous_5)
FNDA:0,(anonymous_6)
FNDA:0,(anonymous_7)
FNDA:3,(anonymous_8)
FNDA:3,(anonymous_9)
FNDA:1,(anonymous_10)
FNDA:2,(anonymous_11)
FNDA:1,(anonymous_12)
FNDA:2,(anonymous_13)
FNDA:1,(anonymous_14)
FNDA:1,stop
DA:2,4
DA:3,8
DA:4,8
DA:5,8
DA:6,8
DA:10,8
DA:11,8
DA:14,4
DA:15,7
DA:16,7
DA:17,1
DA:20,6
DA:21,2
DA:24,6
DA:25,3
DA:26,1
DA:27,1
DA:28,1
DA:30,1
DA:31,1
DA:37,4
DA:38,3
DA:39,3
DA:42,3
DA:43,3
DA:44,3
DA:45,3
DA:46,0
DA:49,0
DA:50,0
DA:51,0
DA:62,0
DA:66,4
DA:67,3
DA:68,3
DA:69,3
DA:73,3
DA:74,3
DA:75,3
DA:81,3
DA:85,4
DA:86,1
DA:87,1
DA:90,4
DA:91,2
DA:94,4
DA:95,1
DA:100,4
DA:101,2
DA:102,2
DA:103,2
DA:104,2
DA:106,2
DA:109,4
DA:110,1
DA:114,1
DA:115,0
DA:116,0
DA:121,4
LF:59
LH:52
BRDA:15,0,0,7
BRDA:15,0,1,2
BRDA:16,1,0,1
BRDA:16,1,1,6
BRDA:20,2,0,2
BRDA:20,2,1,4
BRDA:24,3,0,3
BRDA:24,3,1,3
BRDA:26,4,0,1
BRDA:26,4,1,1
BRDA:27,5,0,1
BRDA:27,5,1,0
BRDA:49,6,0,0
BRDA:49,6,1,0
BRDA:49,7,0,0
BRDA:49,7,1,0
BRDA:67,8,0,3
BRDA:67,8,1,0
BRDA:101,9,0,2
BRDA:101,9,1,0
BRDA:114,10,0,0
BRDA:114,10,1,1
BRF:22
BRH:14
end_of_record
TN:
SF:rhythm\rhythm.js
FN:24,getDurationAndNote
FN:74,newPattern
FN:78,(anonymous_2)
FN:81,(anonymous_3)
FN:135,add
FNF:5
FNH:4
FNDA:2,getDurationAndNote
FNDA:2,newPattern
FNDA:4,(anonymous_2)
FNDA:4,(anonymous_3)
FNDA:0,add
DA:3,2
DA:4,2
DA:5,2
DA:6,2
DA:7,2
DA:8,2
DA:9,2
DA:10,2
DA:11,2
DA:13,2
DA:16,2
DA:25,2
DA:26,2
DA:28,2
DA:29,0
DA:30,0
DA:40,2
DA:43,2
DA:44,2
DA:45,16
DA:49,2
DA:50,2
DA:51,2
DA:52,16
DA:53,16
DA:54,2
DA:56,16
DA:60,2
DA:62,0
DA:63,0
DA:64,0
DA:70,2
DA:75,2
DA:76,2
DA:77,2
DA:78,4
DA:79,2
DA:80,2
DA:81,2
DA:82,4
DA:84,4
DA:85,4
DA:86,4
DA:88,2
DA:136,0
DA:140,2
DA:141,2
DA:142,2
DA:143,2
DA:145,2
DA:146,2
DA:147,2
DA:148,2
DA:150,2
DA:153,2
LF:55
LH:49
BRDA:28,0,0,0
BRDA:28,0,1,2
BRDA:53,1,0,2
BRDA:53,1,1,14
BRDA:53,2,0,16
BRDA:53,2,1,5
BRDA:60,3,0,0
BRDA:60,3,1,2
BRDA:84,4,0,0
BRDA:84,4,1,4
BRDA:85,5,0,1
BRDA:85,5,1,3
BRF:12
BRH:9
end_of_record
TN:
SF:scalemapping\scalemapping.js
FN:95,playNote
FN:118,getExpectedNoteTime
FN:123,playLevel
FN:138,playScale
FN:170,convertNoteToLevel
FN:187,convertLevelToNote
FN:205,handleDetectedNote
FN:224,newNote
FN:240,getScale
FN:277,changeGameLevel
FN:292,setReference
FN:307,changeNoteReference
FN:312,changeScaleReference
FN:317,buttonPlayReference
FNF:14
FNH:3
FNDA:0,playNote
FNDA:0,getExpectedNoteTime
FNDA:0,playLevel
FNDA:0,playScale
FNDA:23,convertNoteToLevel
FNDA:16,convertLevelToNote
FNDA:0,handleDetectedNote
FNDA:0,newNote
FNDA:16,getScale
FNDA:0,changeGameLevel
FNDA:0,setReference
FNDA:0,changeNoteReference
FNDA:0,changeScaleReference
FNDA:0,buttonPlayReference
DA:6,3
DA:7,3
DA:8,3
DA:9,3
DA:10,147
DA:11,147
DA:14,3
DA:15,3
DA:17,3
DA:18,147
DA:19,12
DA:20,147
DA:21,147
DA:27,3
DA:28,3
DA:29,3
DA:30,3
DA:31,3
DA:32,3
DA:45,3
DA:46,3
DA:47,3
DA:48,3
DA:49,3
DA:50,3
DA:51,3
DA:52,3
DA:54,3
DA:55,3
DA:56,3
DA:57,3
DA:58,3
DA:59,3
DA:60,3
DA:61,3
DA:63,3
DA:64,3
DA:65,3
DA:66,3
DA:67,3
DA:68,3
DA:69,3
DA:70,3
DA:72,3
DA:74,3
DA:76,3
DA:98,0
DA:99,0
DA:100,0
DA:101,0
DA:102,0
DA:105,0
DA:106,0
DA:108,0
DA:109,0
DA:110,0
DA:111,0
DA:113,0
DA:119,0
DA:124,0
DA:125,0
DA:126,0
DA:127,0
DA:134,3
DA:135,3
DA:136,3
DA:139,0
DA:141,0
DA:142,0
DA:143,0
DA:144,0
DA:148,0
DA:150,0
DA:163,3
DA:164,3
DA:165,3
DA:171,23
DA:172,3
DA:173,2
DA:174,2
DA:175,2
DA:176,2
DA:177,2
DA:178,2
DA:179,3
DA:180,5
DA:182,23
DA:188,16
DA:189,2
DA:190,2
DA:191,2
DA:192,2
DA:193,2
DA:194,2
DA:195,2
DA:196,2
DA:197,0
DA:199,16
DA:202,3
DA:203,3
DA:206,0
DA:207,0
DA:209,0
DA:210,0
DA:212,0
DA:215,0
DA:216,0
DA:218,0
DA:225,0
DA:226,0
DA:227,0
DA:228,0
DA:241,16
DA:242,16
DA:243,16
DA:244,16
DA:247,16
DA:248,16
DA:249,182
DA:250,112
DA:251,112
DA:253,182
DA:254,182
DA:255,14
DA:260,16
DA:261,16
DA:262,16
DA:263,98
DA:264,14
DA:265,14
DA:267,98
DA:270,16
DA:278,0
DA:279,0
DA:281,0
DA:283,0
DA:294,0
DA:295,0
DA:297,0
DA:300,0
DA:301,0
DA:303,0
DA:308,0
DA:309,0
DA:313,0
DA:314,0
DA:318,0
DA:319,0
DA:320,0
DA:325,3
LF:150
LH:96
BRDA:18,0,0,12
BRDA:18,0,1,135
BRDA:98,1,0,0
BRDA:98,1,1,0
BRDA:105,2,0,0
BRDA:105,2,1,0
BRDA:108,3,0,0
BRDA:108,3,1,0
BRDA:110,4,0,0
BRDA:110,4,1,0
BRDA:119,5,0,0
BRDA:119,5,1,0
BRDA:124,6,0,0
BRDA:124,6,1,0
BRDA:124,7,0,0
BRDA:124,7,1,0
BRDA:141,8,0,0
BRDA:141,8,1,0
BRDA:171,9,0,3
BRDA:171,9,1,2
BRDA:171,9,2,2
BRDA:171,9,3,2
BRDA:171,9,4,2
BRDA:171,9,5,2
BRDA:171,9,6,2
BRDA:171,9,7,3
BRDA:171,9,8,5
BRDA:188,10,0,2
BRDA:188,10,1,2
BRDA:188,10,2,2
BRDA:188,10,3,2
BRDA:188,10,4,2
BRDA:188,10,5,2
BRDA:188,10,6,2
BRDA:188,10,7,2
BRDA:188,10,8,0
BRDA:249,11,0,112
BRDA:249,11,1,70
BRDA:254,12,0,14
BRDA:254,12,1,168
BRDA:263,13,0,14
BRDA:263,13,1,84
BRDA:263,14,0,98
BRDA:263,14,1,84
BRDA:263,14,2,70
BRDA:263,14,3,14
BRDA:278,15,0,0
BRDA:278,15,1,0
BRDA:294,16,0,0
BRDA:294,16,1,0
BRDA:300,17,0,0
BRDA:300,17,1,0
BRF:52
BRH:29
end_of_record
